app/build/outputs/mapping/release/seeds.txt
net.yoga.MainActivity
net.yoga.MainActivity: MainActivity()
net.yoga.MainActivity: void openYoga(android.view.View)
net.yoga.R$anim: int abc_fade_in
net.yoga.R$anim: int abc_fade_out
net.yoga.R$anim: int abc_grow_fade_in_from_bottom
net.yoga.R$anim: int abc_popup_enter
net.yoga.R$anim: int abc_popup_exit
net.yoga.R$anim: int abc_shrink_fade_out_from_bottom
net.yoga.R$anim: int abc_slide_in_bottom
net.yoga.R$anim: int abc_slide_in_top
net.yoga.R$anim: int abc_slide_out_bottom
net.yoga.R$anim: int abc_slide_out_top
net.yoga.R$anim: int design_bottom_sheet_slide_in
net.yoga.R$anim: int design_bottom_sheet_slide_out
net.yoga.R$anim: int design_snackbar_in
net.yoga.R$anim: int design_snackbar_out
net.yoga.R$anim: int tooltip_enter
net.yoga.R$anim: int tooltip_exit
net.yoga.R$animator: int design_appbar_state_list_animator
net.yoga.R$animator: int progress_anim
net.yoga.R$animator: int progress_anim2
net.yoga.R$attr: int actionBarDivider
net.yoga.R$attr: int actionBarItemBackground
net.yoga.R$attr: int actionBarPopupTheme
net.yoga.R$attr: int actionBarSize
net.yoga.R$attr: int actionBarSplitStyle
net.yoga.R$attr: int actionBarStyle
net.yoga.R$attr: int actionBarTabBarStyle
net.yoga.R$attr: int actionBarTabStyle
net.yoga.R$attr: int actionBarTabTextStyle
net.yoga.R$attr: int actionBarTheme
net.yoga.R$attr: int actionBarWidgetTheme
net.yoga.R$attr: int actionButtonStyle
net.yoga.R$attr: int actionDropDownStyle
net.yoga.R$attr: int actionLayout
net.yoga.R$attr: int actionMenuTextAppearance
net.yoga.R$attr: int actionMenuTextColor
net.yoga.R$attr: int actionModeBackground
net.yoga.R$attr: int actionModeCloseButtonStyle
net.yoga.R$attr: int actionModeCloseDrawable
net.yoga.R$attr: int actionModeCopyDrawable
net.yoga.R$attr: int actionModeCutDrawable
net.yoga.R$attr: int actionModeFindDrawable
net.yoga.R$attr: int actionModePasteDrawable
net.yoga.R$attr: int actionModePopupWindowStyle
net.yoga.R$attr: int actionModeSelectAllDrawable
net.yoga.R$attr: int actionModeShareDrawable
net.yoga.R$attr: int actionModeSplitBackground
net.yoga.R$attr: int actionModeStyle
net.yoga.R$attr: int actionModeWebSearchDrawable
net.yoga.R$attr: int actionOverflowButtonStyle
net.yoga.R$attr: int actionOverflowMenuStyle
net.yoga.R$attr: int actionProviderClass
net.yoga.R$attr: int actionViewClass
net.yoga.R$attr: int activityChooserViewStyle
net.yoga.R$attr: int alertDialogButtonGroupStyle
net.yoga.R$bool: int abc_action_bar_embed_tabs
net.yoga.R$bool: int abc_allow_stacked_button_bar
net.yoga.R$bool: int abc_config_actionMenuItemAllCaps
net.yoga.R$bool: int abc_config_closeDialogWhenTouchOutside
net.yoga.R$bool: int abc_config_showMenuShortcutsWhenKeyboardPresent
...
android.support.v7.widget.AppCompatTextView: AppCompatTextView(android.content.Context)
android.support.v7.widget.AppCompatTextView: AppCompatTextView(android.content.Context,android.util.AttributeSet)
android.support.v7.widget.AppCompatTextView: AppCompatTextView(android.content.Context,android.util.AttributeSet,int)
android.support.v7.widget.AppCompatTextView: void setBackgroundResource(int)
android.support.v7.widget.AppCompatTextView: void setBackgroundDrawable(android.graphics.drawable.Drawable)
android.support.v7.widget.AppCompatTextView: void setSupportBackgroundTintList(android.content.res.ColorStateList)
android.support.v7.widget.AppCompatTextView: android.content.res.ColorStateList getSupportBackgroundTintList()
android.support.v7.widget.AppCompatTextView: void setSupportBackgroundTintMode(android.graphics.PorterDuff$Mode)
android.support.v7.widget.AppCompatTextView: android.graphics.PorterDuff$Mode getSupportBackgroundTintMode()
android.support.v7.widget.AppCompatTextView: void setAutoSizeTextTypeWithDefaults(int)
android.support.v7.widget.AppCompatTextView: int getAutoSizeTextType()
android.support.v7.widget.AppCompatTextView: int getAutoSizeStepGranularity()
android.support.v7.widget.AppCompatTextView: int getAutoSizeMinTextSize()
android.support.v7.widget.AppCompatTextView: int getAutoSizeMaxTextSize()
android.support.v7.widget.AppCompatTextView: int[] getAutoSizeTextAvailableSizes()
android.support.v7.widget.ButtonBarLayout
android.support.v7.widget.ButtonBarLayout: ButtonBarLayout(android.content.Context,android.util.AttributeSet)
android.support.v7.widget.ButtonBarLayout: void setAllowStacking(boolean)
android.support.v7.widget.ButtonBarLayout: int getMinimumHeight()
android.support.v7.widget.ButtonBarLayout: void setStacked(boolean)
android.support.v7.widget.CardView
android.support.v7.widget.CardView: CardView(android.content.Context)
android.support.v7.widget.CardView: CardView(android.content.Context,android.util.AttributeSet)
android.support.v7.widget.CardView: CardView(android.content.Context,android.util.AttributeSet,int)
android.support.v7.widget.CardView: boolean getUseCompatPadding()
android.support.v7.widget.CardView: void setUseCompatPadding(boolean)
android.support.v7.widget.CardView: void setMinimumWidth(int)
android.support.v7.widget.CardView: void setMinimumHeight(int)
android.support.v7.widget.CardView: void setCardBackgroundColor(int)
android.support.v7.widget.CardView: void setCardBackgroundColor(android.content.res.ColorStateList)
android.support.v7.widget.CardView: android.content.res.ColorStateList getCardBackgroundColor()
android.support.v7.widget.CardView: int getContentPaddingLeft()
android.support.v7.widget.CardView: int getContentPaddingRight()
android.support.v7.widget.CardView: int getContentPaddingTop()
android.support.v7.widget.CardView: int getContentPaddingBottom()
android.support.v7.widget.CardView: void setRadius(float)
android.support.v7.widget.CardView: float getRadius()
android.support.v7.widget.CardView: void setCardElevation(float)
android.support.v7.widget.CardView: float getCardElevation()
android.support.v7.widget.CardView: void setMaxCardElevation(float)
android.support.v7.widget.CardView: float getMaxCardElevation()