app/build/outputs/mapping/release/mapping.txt
net.yoga.MainActivity -> net.yoga.MainActivity:
    void <init>() -> <init>
    void onCreate(android.os.Bundle) -> onCreate
    boolean onCreateOptionsMenu(android.view.Menu) -> onCreateOptionsMenu
    boolean onOptionsItemSelected(android.view.MenuItem) -> onOptionsItemSelected
    void shareAction() -> k
    void openYoga(android.view.View) -> openYoga
net.yoga.R -> net.yoga.a:
net.yoga.R$styleable -> net.yoga.a$a:
    int[] ActionBar -> ActionBar
    int[] ActionBarLayout -> ActionBarLayout
    int ActionBarLayout_android_layout_gravity -> ActionBarLayout_android_layout_gravity
    int ActionBar_background -> ActionBar_background
    int ActionBar_backgroundSplit -> ActionBar_backgroundSplit
    int ActionBar_backgroundStacked -> ActionBar_backgroundStacked
    int ActionBar_contentInsetEnd -> ActionBar_contentInsetEnd
    int ActionBar_contentInsetEndWithActions -> ActionBar_contentInsetEndWithActions
    int ActionBar_contentInsetLeft -> ActionBar_contentInsetLeft
    int ActionBar_contentInsetRight -> ActionBar_contentInsetRight
    int ActionBar_contentInsetStart -> ActionBar_contentInsetStart
    int ActionBar_contentInsetStartWithNavigation -> ActionBar_contentInsetStartWithNavigation
    int ActionBar_customNavigationLayout -> ActionBar_customNavigationLayout
    int ActionBar_displayOptions -> ActionBar_displayOptions
    int ActionBar_divider -> ActionBar_divider
    int ActionBar_elevation -> ActionBar_elevation
    int ActionBar_height -> ActionBar_height
    int ActionBar_hideOnContentScroll -> ActionBar_hideOnContentScroll
    int ActionBar_homeAsUpIndicator -> ActionBar_homeAsUpIndicator
    int ActionBar_homeLayout -> ActionBar_homeLayout
    int ActionBar_icon -> ActionBar_icon
    int ActionBar_indeterminateProgressStyle -> ActionBar_indeterminateProgressStyle
    int ActionBar_itemPadding -> ActionBar_itemPadding
net.yoga.Splash -> net.yoga.Splash:
    android.content.Context context -> l
    void <init>() -> <init>
    void onCreate(android.os.Bundle) -> onCreate
    android.content.Context access$000(net.yoga.Splash) -> a
net.yoga.Splash$1 -> net.yoga.Splash$1:
    net.yoga.Splash this$0 -> a
    void <init>(net.yoga.Splash) -> <init>
    void run() -> run
net.yoga.YogaActivity -> net.yoga.YogaActivity:
    android.widget.VideoView videoView -> l
    android.widget.ImageButton playButton -> m
    int currentTime -> n
    android.os.Handler mHandler -> o
    net.yoga.lib.ArcProgress progressView -> p
    int video_time -> q
    boolean isPlaying -> r
    java.lang.Runnable UpdateProgress -> s
    void <init>() -> <init>
    void onCreate(android.os.Bundle) -> onCreate
    void restartVideoPlay() -> l
    void updateProgressBar() -> k
    boolean access$000(net.yoga.YogaActivity) -> a
    int access$102(net.yoga.YogaActivity,int) -> a
    int access$100(net.yoga.YogaActivity) -> b
    net.yoga.lib.ArcProgress access$200(net.yoga.YogaActivity) -> c
    android.os.Handler access$300(net.yoga.YogaActivity) -> d
    boolean access$002(net.yoga.YogaActivity,boolean) -> a
    android.widget.ImageButton access$400(net.yoga.YogaActivity) -> e
    android.widget.VideoView access$500(net.yoga.YogaActivity) -> f
    void access$600(net.yoga.YogaActivity) -> g
net.yoga.YogaActivity$1 -> net.yoga.YogaActivity$1:
    net.yoga.YogaActivity this$0 -> a
    void <init>(net.yoga.YogaActivity) -> <init>
    void run() -> run
net.yoga.YogaActivity$2 -> net.yoga.YogaActivity$2:
    net.yoga.YogaActivity this$0 -> a
    void <init>(net.yoga.YogaActivity) -> <init>
    boolean onError(android.media.MediaPlayer,int,int) -> onError
net.yoga.YogaActivity$3 -> net.yoga.YogaActivity$3:
    net.yoga.YogaActivity this$0 -> a
    void <init>(net.yoga.YogaActivity) -> <init>
    void onClick(android.view.View) -> onClick
net.yoga.YogaActivity$4 -> net.yoga.YogaActivity$4:
    net.yoga.YogaActivity this$0 -> a
    void <init>(net.yoga.YogaActivity) -> <init>
    void onClick(android.view.View) -> onClick
...
android.support.v4.view.accessibility.AccessibilityNodeInfoCompat$AccessibilityNodeInfoApi17Impl -> android.support.v4.i.a.b$b:
    void <init>() -> <init>
android.support.v4.view.accessibility.AccessibilityNodeInfoCompat$AccessibilityNodeInfoApi18Impl -> android.support.v4.i.a.b$c:
    void <init>() -> <init>
    java.lang.String getViewIdResourceName(android.view.accessibility.AccessibilityNodeInfo) -> a
android.support.v4.view.accessibility.AccessibilityNodeInfoCompat$AccessibilityNodeInfoApi19Impl -> android.support.v4.i.a.b$d:
    void <init>() -> <init>
    void setCollectionInfo(android.view.accessibility.AccessibilityNodeInfo,java.lang.Object) -> a
    java.lang.Object obtainCollectionInfo(int,int,boolean,int) -> a
    java.lang.Object obtainCollectionItemInfo(int,int,int,int,boolean,boolean) -> a
    void setCollectionItemInfo(android.view.accessibility.AccessibilityNodeInfo,java.lang.Object) -> b
android.support.v4.view.accessibility.AccessibilityNodeInfoCompat$AccessibilityNodeInfoApi21Impl -> android.support.v4.i.a.b$e:
    void <init>() -> <init>
    java.lang.Object obtainCollectionInfo(int,int,boolean,int) -> a
    java.lang.Object obtainCollectionItemInfo(int,int,int,int,boolean,boolean) -> a
android.support.v4.view.accessibility.AccessibilityNodeInfoCompat$AccessibilityNodeInfoApi22Impl -> android.support.v4.i.a.b$f:
    void <init>() -> <init>
android.support.v4.view.accessibility.AccessibilityNodeInfoCompat$AccessibilityNodeInfoApi23Impl -> android.support.v4.i.a.b$g:
    void <init>() -> <init>
android.support.v4.view.accessibility.AccessibilityNodeInfoCompat$AccessibilityNodeInfoApi24Impl -> android.support.v4.i.a.b$h:
    void <init>() -> <init>
android.support.v4.view.accessibility.AccessibilityNodeInfoCompat$AccessibilityNodeInfoBaseImpl -> android.support.v4.i.a.b$i:
    void <init>() -> <init>
    java.lang.String getViewIdResourceName(android.view.accessibility.AccessibilityNodeInfo) -> a
    void setCollectionInfo(android.view.accessibility.AccessibilityNodeInfo,java.lang.Object) -> a
    void setCollectionItemInfo(android.view.accessibility.AccessibilityNodeInfo,java.lang.Object) -> b
    java.lang.Object obtainCollectionInfo(int,int,boolean,int) -> a
    java.lang.Object obtainCollectionItemInfo(int,int,int,int,boolean,boolean) -> a
android.support.v4.view.accessibility.AccessibilityNodeInfoCompat$CollectionInfoCompat -> android.support.v4.i.a.b$j:
    java.lang.Object mInfo -> a
    android.support.v4.view.accessibility.AccessibilityNodeInfoCompat$CollectionInfoCompat obtain(int,int,boolean,int) -> a
    void <init>(java.lang.Object) -> <init>
android.support.v4.view.accessibility.AccessibilityNodeInfoCompat$CollectionItemInfoCompat -> android.support.v4.i.a.b$k:
    java.lang.Object mInfo -> a
    android.support.v4.view.accessibility.AccessibilityNodeInfoCompat$CollectionItemInfoCompat obtain(int,int,int,int,boolean,boolean) -> a
    void <init>(java.lang.Object) -> <init>
android.support.v4.view.accessibility.AccessibilityNodeProviderCompat -> android.support.v4.i.a.c:
    android.support.v4.view.accessibility.AccessibilityNodeProviderCompat$AccessibilityNodeProviderImpl IMPL -> a
    java.lang.Object mProvider -> b
    void <init>() -> <init>
    void <init>(java.lang.Object) -> <init>
    java.lang.Object getProvider() -> a
    android.support.v4.view.accessibility.AccessibilityNodeInfoCompat createAccessibilityNodeInfo(int) -> a
    boolean performAction(int,int,android.os.Bundle) -> a
    java.util.List findAccessibilityNodeInfosByText(java.lang.String,int) -> a
    android.support.v4.view.accessibility.AccessibilityNodeInfoCompat findFocus(int) -> b
    void <clinit>() -> <clinit>
android.support.v4.view.accessibility.AccessibilityNodeProviderCompat$AccessibilityNodeProviderImpl -> android.support.v4.i.a.c$a:
    java.lang.Object newAccessibilityNodeProviderBridge(android.support.v4.view.accessibility.AccessibilityNodeProviderCompat) -> a