app/build/outputs/mapping/release/usage.txt
net.yoga.BuildConfig
net.yoga.Manifest
net.yoga.Manifest$permission
net.yoga.R:
    10:10:public R()
net.yoga.R$anim
net.yoga.R$animator
net.yoga.R$attr
net.yoga.R$bool
net.yoga.R$color
net.yoga.R$dimen
net.yoga.R$drawable
net.yoga.R$id
net.yoga.R$integer
net.yoga.R$layout
net.yoga.R$menu
net.yoga.R$mipmap
net.yoga.R$raw
net.yoga.R$string
net.yoga.R$style
net.yoga.R$styleable:
    4586:4586:public R$styleable()
net.yoga.Splash:
    private static final java.lang.String TAG
net.yoga.lib.ArcProgress:
    private static final java.lang.String INSTANCE_STATE
    private static final java.lang.String INSTANCE_STROKE_WIDTH
    private static final java.lang.String INSTANCE_SUFFIX_TEXT_SIZE
    private static final java.lang.String INSTANCE_SUFFIX_TEXT_PADDING
    private static final java.lang.String INSTANCE_BOTTOM_TEXT_SIZE
    private static final java.lang.String INSTANCE_BOTTOM_TEXT
    private static final java.lang.String INSTANCE_TEXT_SIZE
    private static final java.lang.String INSTANCE_TEXT_COLOR
    private static final java.lang.String INSTANCE_PROGRESS
    private static final java.lang.String INSTANCE_MAX
    private static final java.lang.String INSTANCE_FINISHED_STROKE_COLOR
    private static final java.lang.String INSTANCE_UNFINISHED_STROKE_COLOR
    private static final java.lang.String INSTANCE_ARC_ANGLE
    private static final java.lang.String INSTANCE_SUFFIX
net.yoga.lib.FBEventLogManager:
    13:13:public FBEventLogManager()
net.yoga.lib.Utils:
    public static final java.lang.String TAG
    12:13:private Utils()
...
android.support.v4.hardware.fingerprint.FingerprintManagerCompat$CryptoObject
android.support.v4.hardware.fingerprint.FingerprintManagerCompat$FingerprintManagerCompatImpl
android.support.v4.hardware.fingerprint.FingerprintManagerCompat$LegacyFingerprintManagerCompatImpl
android.support.v4.hardware.fingerprint.FingerprintManagerCompatApi23
android.support.v4.hardware.fingerprint.FingerprintManagerCompatApi23$1
android.support.v4.hardware.fingerprint.FingerprintManagerCompatApi23$AuthenticationCallback
android.support.v4.hardware.fingerprint.FingerprintManagerCompatApi23$AuthenticationResultInternal
android.support.v4.hardware.fingerprint.FingerprintManagerCompatApi23$CryptoObject
android.support.v4.internal.package-info
android.support.v4.internal.view.SupportMenu:
    public static final int USER_MASK
    public static final int USER_SHIFT
    public static final int CATEGORY_MASK
    public static final int CATEGORY_SHIFT
    public static final int SUPPORTED_MODIFIERS_MASK
    public static final int FLAG_KEEP_OPEN_ON_SUBMENU_OPENED
android.support.v4.internal.view.SupportMenuItem:
    public static final int SHOW_AS_ACTION_NEVER
    public static final int SHOW_AS_ACTION_IF_ROOM
    public static final int SHOW_AS_ACTION_ALWAYS
    public static final int SHOW_AS_ACTION_WITH_TEXT
    public static final int SHOW_AS_ACTION_COLLAPSE_ACTION_VIEW
android.support.v4.math.MathUtils:
    24:24:private MathUtils()
    39:44:public static float clamp(float,float,float)
    60:65:public static double clamp(double,double,double)
android.support.v4.media.AudioAttributesCompat
android.support.v4.media.AudioAttributesCompat$1
android.support.v4.media.AudioAttributesCompat$AttributeContentType
android.support.v4.media.AudioAttributesCompat$AttributeUsage
android.support.v4.media.AudioAttributesCompat$AudioManagerHidden
android.support.v4.media.AudioAttributesCompat$Builder
android.support.v4.media.AudioAttributesCompatApi21
android.support.v4.media.AudioAttributesCompatApi21$Wrapper
android.support.v4.media.MediaBrowserCompat:
    static final java.lang.String TAG
    public static final java.lang.String EXTRA_PAGE
    public static final java.lang.String EXTRA_PAGE_SIZE
    public static final java.lang.String EXTRA_MEDIA_ID
    public static final java.lang.String EXTRA_DOWNLOAD_PROGRESS
    public static final java.lang.String CUSTOM_ACTION_DOWNLOAD
    public static final java.lang.String CUSTOM_ACTION_REMOVE_DOWNLOADED_FILE
    private final android.support.v4.media.MediaBrowserCompat$MediaBrowserImpl mImpl
    181:193:public MediaBrowserCompat(android.content.Context,android.content.ComponentName,android.support.v4.media.MediaBrowserCompat$ConnectionCallback,android.os.Bundle)
    203:204:public void connect()
    211:212:public void disconnect()
    218:218:public boolean isConnected()
    226:226:public android.content.ComponentName getServiceComponent()
    239:239:public java.lang.String getRoot()
    249:249:public android.os.Bundle getExtras()
    264:264:public android.support.v4.media.session.MediaSessionCompat$Token getSessionToken()
    287:294:public void subscribe(java.lang.String,android.support.v4.media.MediaBrowserCompat$SubscriptionCallback)
    321:331:public void subscribe(java.lang.String,android.os.Bundle,android.support.v4.media.MediaBrowserCompat$SubscriptionCallback)
    345:349:public void unsubscribe(java.lang.String)
android.support.v4.media.MediaBrowserCompat$CallbackHandler
android.support.v4.media.MediaBrowserCompat$ConnectionCallback
android.support.v4.media.MediaBrowserCompat$ConnectionCallback$ConnectionCallbackInternal
android.support.v4.media.MediaBrowserCompat$ConnectionCallback$StubApi21
android.support.v4.media.MediaBrowserCompat$CustomActionCallback:
    903:903:public MediaBrowserCompat$CustomActionCallback()